Determining if the include file malloc/malloc.h exists failed with the following output:
Change Dir: /home/lab/Documents/Toy-Obfuscator/build/CMakeFiles/CMakeTmp

Run Build Command(s):/usr/bin/gmake -f Makefile cmTC_f29c8/fast && /usr/bin/gmake  -f CMakeFiles/cmTC_f29c8.dir/build.make CMakeFiles/cmTC_f29c8.dir/build
gmake[1]: Entering directory '/home/lab/Documents/Toy-Obfuscator/build/CMakeFiles/CMakeTmp'
Building C object CMakeFiles/cmTC_f29c8.dir/CheckIncludeFile.c.o
/usr/bin/cc    -o CMakeFiles/cmTC_f29c8.dir/CheckIncludeFile.c.o -c /home/lab/Documents/Toy-Obfuscator/build/CMakeFiles/CMakeTmp/CheckIncludeFile.c
/home/lab/Documents/Toy-Obfuscator/build/CMakeFiles/CMakeTmp/CheckIncludeFile.c:1:10: fatal error: malloc/malloc.h: No such file or directory
    1 | #include <malloc/malloc.h>
      |          ^~~~~~~~~~~~~~~~~
compilation terminated.
gmake[1]: *** [CMakeFiles/cmTC_f29c8.dir/build.make:78: CMakeFiles/cmTC_f29c8.dir/CheckIncludeFile.c.o] Error 1
gmake[1]: Leaving directory '/home/lab/Documents/Toy-Obfuscator/build/CMakeFiles/CMakeTmp'
gmake: *** [Makefile:127: cmTC_f29c8/fast] Error 2



Determining if the include file ndir.h exists failed with the following output:
Change Dir: /home/lab/Documents/Toy-Obfuscator/build/CMakeFiles/CMakeTmp

Run Build Command(s):/usr/bin/gmake -f Makefile cmTC_c75bb/fast && /usr/bin/gmake  -f CMakeFiles/cmTC_c75bb.dir/build.make CMakeFiles/cmTC_c75bb.dir/build
gmake[1]: Entering directory '/home/lab/Documents/Toy-Obfuscator/build/CMakeFiles/CMakeTmp'
Building C object CMakeFiles/cmTC_c75bb.dir/CheckIncludeFile.c.o
/usr/bin/cc    -o CMakeFiles/cmTC_c75bb.dir/CheckIncludeFile.c.o -c /home/lab/Documents/Toy-Obfuscator/build/CMakeFiles/CMakeTmp/CheckIncludeFile.c
/home/lab/Documents/Toy-Obfuscator/build/CMakeFiles/CMakeTmp/CheckIncludeFile.c:1:10: fatal error: ndir.h: No such file or directory
    1 | #include <ndir.h>
      |          ^~~~~~~~
compilation terminated.
gmake[1]: *** [CMakeFiles/cmTC_c75bb.dir/build.make:78: CMakeFiles/cmTC_c75bb.dir/CheckIncludeFile.c.o] Error 1
gmake[1]: Leaving directory '/home/lab/Documents/Toy-Obfuscator/build/CMakeFiles/CMakeTmp'
gmake: *** [Makefile:127: cmTC_c75bb/fast] Error 2



Determining if the include file sys/ndir.h exists failed with the following output:
Change Dir: /home/lab/Documents/Toy-Obfuscator/build/CMakeFiles/CMakeTmp

Run Build Command(s):/usr/bin/gmake -f Makefile cmTC_95d53/fast && /usr/bin/gmake  -f CMakeFiles/cmTC_95d53.dir/build.make CMakeFiles/cmTC_95d53.dir/build
gmake[1]: Entering directory '/home/lab/Documents/Toy-Obfuscator/build/CMakeFiles/CMakeTmp'
Building C object CMakeFiles/cmTC_95d53.dir/CheckIncludeFile.c.o
/usr/bin/cc    -o CMakeFiles/cmTC_95d53.dir/CheckIncludeFile.c.o -c /home/lab/Documents/Toy-Obfuscator/build/CMakeFiles/CMakeTmp/CheckIncludeFile.c
/home/lab/Documents/Toy-Obfuscator/build/CMakeFiles/CMakeTmp/CheckIncludeFile.c:1:10: fatal error: sys/ndir.h: No such file or directory
    1 | #include <sys/ndir.h>
      |          ^~~~~~~~~~~~
compilation terminated.
gmake[1]: *** [CMakeFiles/cmTC_95d53.dir/build.make:78: CMakeFiles/cmTC_95d53.dir/CheckIncludeFile.c.o] Error 1
gmake[1]: Leaving directory '/home/lab/Documents/Toy-Obfuscator/build/CMakeFiles/CMakeTmp'
gmake: *** [Makefile:127: cmTC_95d53/fast] Error 2



Determining if the include file valgrind/valgrind.h exists failed with the following output:
Change Dir: /home/lab/Documents/Toy-Obfuscator/build/CMakeFiles/CMakeTmp

Run Build Command(s):/usr/bin/gmake -f Makefile cmTC_cd2d8/fast && /usr/bin/gmake  -f CMakeFiles/cmTC_cd2d8.dir/build.make CMakeFiles/cmTC_cd2d8.dir/build
gmake[1]: Entering directory '/home/lab/Documents/Toy-Obfuscator/build/CMakeFiles/CMakeTmp'
Building C object CMakeFiles/cmTC_cd2d8.dir/CheckIncludeFile.c.o
/usr/bin/cc    -o CMakeFiles/cmTC_cd2d8.dir/CheckIncludeFile.c.o -c /home/lab/Documents/Toy-Obfuscator/build/CMakeFiles/CMakeTmp/CheckIncludeFile.c
/home/lab/Documents/Toy-Obfuscator/build/CMakeFiles/CMakeTmp/CheckIncludeFile.c:1:10: fatal error: valgrind/valgrind.h: No such file or directory
    1 | #include <valgrind/valgrind.h>
      |          ^~~~~~~~~~~~~~~~~~~~~
compilation terminated.
gmake[1]: *** [CMakeFiles/cmTC_cd2d8.dir/build.make:78: CMakeFiles/cmTC_cd2d8.dir/CheckIncludeFile.c.o] Error 1
gmake[1]: Leaving directory '/home/lab/Documents/Toy-Obfuscator/build/CMakeFiles/CMakeTmp'
gmake: *** [Makefile:127: cmTC_cd2d8/fast] Error 2



Determining if the include file mach/mach.h exists failed with the following output:
Change Dir: /home/lab/Documents/Toy-Obfuscator/build/CMakeFiles/CMakeTmp

Run Build Command(s):/usr/bin/gmake -f Makefile cmTC_bc1e0/fast && /usr/bin/gmake  -f CMakeFiles/cmTC_bc1e0.dir/build.make CMakeFiles/cmTC_bc1e0.dir/build
gmake[1]: Entering directory '/home/lab/Documents/Toy-Obfuscator/build/CMakeFiles/CMakeTmp'
Building C object CMakeFiles/cmTC_bc1e0.dir/CheckIncludeFile.c.o
/usr/bin/cc    -o CMakeFiles/cmTC_bc1e0.dir/CheckIncludeFile.c.o -c /home/lab/Documents/Toy-Obfuscator/build/CMakeFiles/CMakeTmp/CheckIncludeFile.c
/home/lab/Documents/Toy-Obfuscator/build/CMakeFiles/CMakeTmp/CheckIncludeFile.c:1:10: fatal error: mach/mach.h: No such file or directory
    1 | #include <mach/mach.h>
      |          ^~~~~~~~~~~~~
compilation terminated.
gmake[1]: *** [CMakeFiles/cmTC_bc1e0.dir/build.make:78: CMakeFiles/cmTC_bc1e0.dir/CheckIncludeFile.c.o] Error 1
gmake[1]: Leaving directory '/home/lab/Documents/Toy-Obfuscator/build/CMakeFiles/CMakeTmp'
gmake: *** [Makefile:127: cmTC_bc1e0/fast] Error 2



Determining if the include file histedit.h exists failed with the following output:
Change Dir: /home/lab/Documents/Toy-Obfuscator/build/CMakeFiles/CMakeTmp

Run Build Command(s):/usr/bin/gmake -f Makefile cmTC_a075f/fast && /usr/bin/gmake  -f CMakeFiles/cmTC_a075f.dir/build.make CMakeFiles/cmTC_a075f.dir/build
gmake[1]: Entering directory '/home/lab/Documents/Toy-Obfuscator/build/CMakeFiles/CMakeTmp'
Building C object CMakeFiles/cmTC_a075f.dir/CheckIncludeFile.c.o
/usr/bin/cc    -o CMakeFiles/cmTC_a075f.dir/CheckIncludeFile.c.o -c /home/lab/Documents/Toy-Obfuscator/build/CMakeFiles/CMakeTmp/CheckIncludeFile.c
/home/lab/Documents/Toy-Obfuscator/build/CMakeFiles/CMakeTmp/CheckIncludeFile.c:1:10: fatal error: histedit.h: No such file or directory
    1 | #include <histedit.h>
      |          ^~~~~~~~~~~~
compilation terminated.
gmake[1]: *** [CMakeFiles/cmTC_a075f.dir/build.make:78: CMakeFiles/cmTC_a075f.dir/CheckIncludeFile.c.o] Error 1
gmake[1]: Leaving directory '/home/lab/Documents/Toy-Obfuscator/build/CMakeFiles/CMakeTmp'
gmake: *** [Makefile:127: cmTC_a075f/fast] Error 2



Determining if the include file CrashReporterClient.h exists failed with the following output:
Change Dir: /home/lab/Documents/Toy-Obfuscator/build/CMakeFiles/CMakeTmp

Run Build Command(s):/usr/bin/gmake -f Makefile cmTC_d26be/fast && /usr/bin/gmake  -f CMakeFiles/cmTC_d26be.dir/build.make CMakeFiles/cmTC_d26be.dir/build
gmake[1]: Entering directory '/home/lab/Documents/Toy-Obfuscator/build/CMakeFiles/CMakeTmp'
Building C object CMakeFiles/cmTC_d26be.dir/CheckIncludeFile.c.o
/usr/bin/cc    -o CMakeFiles/cmTC_d26be.dir/CheckIncludeFile.c.o -c /home/lab/Documents/Toy-Obfuscator/build/CMakeFiles/CMakeTmp/CheckIncludeFile.c
/home/lab/Documents/Toy-Obfuscator/build/CMakeFiles/CMakeTmp/CheckIncludeFile.c:1:10: fatal error: CrashReporterClient.h: No such file or directory
    1 | #include <CrashReporterClient.h>
      |          ^~~~~~~~~~~~~~~~~~~~~~~
compilation terminated.
gmake[1]: *** [CMakeFiles/cmTC_d26be.dir/build.make:78: CMakeFiles/cmTC_d26be.dir/CheckIncludeFile.c.o] Error 1
gmake[1]: Leaving directory '/home/lab/Documents/Toy-Obfuscator/build/CMakeFiles/CMakeTmp'
gmake: *** [Makefile:127: cmTC_d26be/fast] Error 2



Determining if the function xar_open exists in the xar failed with the following output:
Change Dir: /home/lab/Documents/Toy-Obfuscator/build/CMakeFiles/CMakeTmp

Run Build Command(s):/usr/bin/gmake -f Makefile cmTC_f93bc/fast && /usr/bin/gmake  -f CMakeFiles/cmTC_f93bc.dir/build.make CMakeFiles/cmTC_f93bc.dir/build
gmake[1]: Entering directory '/home/lab/Documents/Toy-Obfuscator/build/CMakeFiles/CMakeTmp'
Building C object CMakeFiles/cmTC_f93bc.dir/CheckFunctionExists.c.o
/usr/bin/cc   -DCHECK_FUNCTION_EXISTS=xar_open -o CMakeFiles/cmTC_f93bc.dir/CheckFunctionExists.c.o -c /usr/share/cmake-3.22/Modules/CheckFunctionExists.c
Linking C executable cmTC_f93bc
/usr/bin/cmake -E cmake_link_script CMakeFiles/cmTC_f93bc.dir/link.txt --verbose=1
/usr/bin/cc  -DCHECK_FUNCTION_EXISTS=xar_open CMakeFiles/cmTC_f93bc.dir/CheckFunctionExists.c.o -o cmTC_f93bc  -lxar -lm 
/usr/bin/ld: cannot find -lxar: No such file or directory
collect2: error: ld returned 1 exit status
gmake[1]: *** [CMakeFiles/cmTC_f93bc.dir/build.make:99: cmTC_f93bc] Error 1
gmake[1]: Leaving directory '/home/lab/Documents/Toy-Obfuscator/build/CMakeFiles/CMakeTmp'
gmake: *** [Makefile:127: cmTC_f93bc/fast] Error 2



Determining if the arc4random exist failed with the following output:
Change Dir: /home/lab/Documents/Toy-Obfuscator/build/CMakeFiles/CMakeTmp

Run Build Command(s):/usr/bin/gmake -f Makefile cmTC_60d5d/fast && /usr/bin/gmake  -f CMakeFiles/cmTC_60d5d.dir/build.make CMakeFiles/cmTC_60d5d.dir/build
gmake[1]: Entering directory '/home/lab/Documents/Toy-Obfuscator/build/CMakeFiles/CMakeTmp'
Building C object CMakeFiles/cmTC_60d5d.dir/CheckSymbolExists.c.o
/usr/bin/cc    -o CMakeFiles/cmTC_60d5d.dir/CheckSymbolExists.c.o -c /home/lab/Documents/Toy-Obfuscator/build/CMakeFiles/CMakeTmp/CheckSymbolExists.c
/home/lab/Documents/Toy-Obfuscator/build/CMakeFiles/CMakeTmp/CheckSymbolExists.c: In function ‘main’:
/home/lab/Documents/Toy-Obfuscator/build/CMakeFiles/CMakeTmp/CheckSymbolExists.c:8:19: error: ‘arc4random’ undeclared (first use in this function); did you mean ‘srandom’?
    8 |   return ((int*)(&arc4random))[argc];
      |                   ^~~~~~~~~~
      |                   srandom
/home/lab/Documents/Toy-Obfuscator/build/CMakeFiles/CMakeTmp/CheckSymbolExists.c:8:19: note: each undeclared identifier is reported only once for each function it appears in
gmake[1]: *** [CMakeFiles/cmTC_60d5d.dir/build.make:78: CMakeFiles/cmTC_60d5d.dir/CheckSymbolExists.c.o] Error 1
gmake[1]: Leaving directory '/home/lab/Documents/Toy-Obfuscator/build/CMakeFiles/CMakeTmp'
gmake: *** [Makefile:127: cmTC_60d5d/fast] Error 2


File /home/lab/Documents/Toy-Obfuscator/build/CMakeFiles/CMakeTmp/CheckSymbolExists.c:
/* */
#include <stdlib.h>

int main(int argc, char** argv)
{
  (void)argv;
#ifndef arc4random
  return ((int*)(&arc4random))[argc];
#else
  (void)argc;
  return 0;
#endif
}
Determining if the mallctl exist failed with the following output:
Change Dir: /home/lab/Documents/Toy-Obfuscator/build/CMakeFiles/CMakeTmp

Run Build Command(s):/usr/bin/gmake -f Makefile cmTC_cc1ef/fast && /usr/bin/gmake  -f CMakeFiles/cmTC_cc1ef.dir/build.make CMakeFiles/cmTC_cc1ef.dir/build
gmake[1]: Entering directory '/home/lab/Documents/Toy-Obfuscator/build/CMakeFiles/CMakeTmp'
Building C object CMakeFiles/cmTC_cc1ef.dir/CheckSymbolExists.c.o
/usr/bin/cc    -o CMakeFiles/cmTC_cc1ef.dir/CheckSymbolExists.c.o -c /home/lab/Documents/Toy-Obfuscator/build/CMakeFiles/CMakeTmp/CheckSymbolExists.c
/home/lab/Documents/Toy-Obfuscator/build/CMakeFiles/CMakeTmp/CheckSymbolExists.c:2:10: fatal error: malloc_np.h: No such file or directory
    2 | #include <malloc_np.h>
      |          ^~~~~~~~~~~~~
compilation terminated.
gmake[1]: *** [CMakeFiles/cmTC_cc1ef.dir/build.make:78: CMakeFiles/cmTC_cc1ef.dir/CheckSymbolExists.c.o] Error 1
gmake[1]: Leaving directory '/home/lab/Documents/Toy-Obfuscator/build/CMakeFiles/CMakeTmp'
gmake: *** [Makefile:127: cmTC_cc1ef/fast] Error 2


File /home/lab/Documents/Toy-Obfuscator/build/CMakeFiles/CMakeTmp/CheckSymbolExists.c:
/* */
#include <malloc_np.h>

int main(int argc, char** argv)
{
  (void)argv;
#ifndef mallctl
  return ((int*)(&mallctl))[argc];
#else
  (void)argc;
  return 0;
#endif
}
Determining if the malloc_zone_statistics exist failed with the following output:
Change Dir: /home/lab/Documents/Toy-Obfuscator/build/CMakeFiles/CMakeTmp

Run Build Command(s):/usr/bin/gmake -f Makefile cmTC_d4407/fast && /usr/bin/gmake  -f CMakeFiles/cmTC_d4407.dir/build.make CMakeFiles/cmTC_d4407.dir/build
gmake[1]: Entering directory '/home/lab/Documents/Toy-Obfuscator/build/CMakeFiles/CMakeTmp'
Building C object CMakeFiles/cmTC_d4407.dir/CheckSymbolExists.c.o
/usr/bin/cc    -o CMakeFiles/cmTC_d4407.dir/CheckSymbolExists.c.o -c /home/lab/Documents/Toy-Obfuscator/build/CMakeFiles/CMakeTmp/CheckSymbolExists.c
/home/lab/Documents/Toy-Obfuscator/build/CMakeFiles/CMakeTmp/CheckSymbolExists.c:2:10: fatal error: malloc/malloc.h: No such file or directory
    2 | #include <malloc/malloc.h>
      |          ^~~~~~~~~~~~~~~~~
compilation terminated.
gmake[1]: *** [CMakeFiles/cmTC_d4407.dir/build.make:78: CMakeFiles/cmTC_d4407.dir/CheckSymbolExists.c.o] Error 1
gmake[1]: Leaving directory '/home/lab/Documents/Toy-Obfuscator/build/CMakeFiles/CMakeTmp'
gmake: *** [Makefile:127: cmTC_d4407/fast] Error 2


File /home/lab/Documents/Toy-Obfuscator/build/CMakeFiles/CMakeTmp/CheckSymbolExists.c:
/* */
#include <malloc/malloc.h>

int main(int argc, char** argv)
{
  (void)argv;
#ifndef malloc_zone_statistics
  return ((int*)(&malloc_zone_statistics))[argc];
#else
  (void)argc;
  return 0;
#endif
}
Determining if the strerror_s exist failed with the following output:
Change Dir: /home/lab/Documents/Toy-Obfuscator/build/CMakeFiles/CMakeTmp

Run Build Command(s):/usr/bin/gmake -f Makefile cmTC_ac03d/fast && /usr/bin/gmake  -f CMakeFiles/cmTC_ac03d.dir/build.make CMakeFiles/cmTC_ac03d.dir/build
gmake[1]: Entering directory '/home/lab/Documents/Toy-Obfuscator/build/CMakeFiles/CMakeTmp'
Building C object CMakeFiles/cmTC_ac03d.dir/CheckSymbolExists.c.o
/usr/bin/cc    -o CMakeFiles/cmTC_ac03d.dir/CheckSymbolExists.c.o -c /home/lab/Documents/Toy-Obfuscator/build/CMakeFiles/CMakeTmp/CheckSymbolExists.c
/home/lab/Documents/Toy-Obfuscator/build/CMakeFiles/CMakeTmp/CheckSymbolExists.c: In function ‘main’:
/home/lab/Documents/Toy-Obfuscator/build/CMakeFiles/CMakeTmp/CheckSymbolExists.c:8:19: error: ‘strerror_s’ undeclared (first use in this function); did you mean ‘strerror_l’?
    8 |   return ((int*)(&strerror_s))[argc];
      |                   ^~~~~~~~~~
      |                   strerror_l
/home/lab/Documents/Toy-Obfuscator/build/CMakeFiles/CMakeTmp/CheckSymbolExists.c:8:19: note: each undeclared identifier is reported only once for each function it appears in
gmake[1]: *** [CMakeFiles/cmTC_ac03d.dir/build.make:78: CMakeFiles/cmTC_ac03d.dir/CheckSymbolExists.c.o] Error 1
gmake[1]: Leaving directory '/home/lab/Documents/Toy-Obfuscator/build/CMakeFiles/CMakeTmp'
gmake: *** [Makefile:127: cmTC_ac03d/fast] Error 2


File /home/lab/Documents/Toy-Obfuscator/build/CMakeFiles/CMakeTmp/CheckSymbolExists.c:
/* */
#include <string.h>

int main(int argc, char** argv)
{
  (void)argv;
#ifndef strerror_s
  return ((int*)(&strerror_s))[argc];
#else
  (void)argc;
  return 0;
#endif
}
Performing C++ SOURCE FILE Test SUPPORTS_GNU_ZERO_VARIADIC_MACRO_ARGUMENTS_FLAG failed with the following output:
Change Dir: /home/lab/Documents/Toy-Obfuscator/build/CMakeFiles/CMakeTmp

Run Build Command(s):/usr/bin/gmake -f Makefile cmTC_ea845/fast && /usr/bin/gmake  -f CMakeFiles/cmTC_ea845.dir/build.make CMakeFiles/cmTC_ea845.dir/build
gmake[1]: Entering directory '/home/lab/Documents/Toy-Obfuscator/build/CMakeFiles/CMakeTmp'
Building CXX object CMakeFiles/cmTC_ea845.dir/src.cxx.o
/usr/bin/c++ -DSUPPORTS_GNU_ZERO_VARIADIC_MACRO_ARGUMENTS_FLAG  -Wgnu-zero-variadic-macro-arguments -o CMakeFiles/cmTC_ea845.dir/src.cxx.o -c /home/lab/Documents/Toy-Obfuscator/build/CMakeFiles/CMakeTmp/src.cxx
c++: error: unrecognized command-line option '-Wgnu-zero-variadic-macro-arguments'
gmake[1]: *** [CMakeFiles/cmTC_ea845.dir/build.make:78: CMakeFiles/cmTC_ea845.dir/src.cxx.o] Error 1
gmake[1]: Leaving directory '/home/lab/Documents/Toy-Obfuscator/build/CMakeFiles/CMakeTmp'
gmake: *** [Makefile:127: cmTC_ea845/fast] Error 2


Source file was:
int main() { return 0; }
Performing C SOURCE FILE Test C_SUPPORTS_COVERED_SWITCH_DEFAULT_FLAG failed with the following output:
Change Dir: /home/lab/Documents/Toy-Obfuscator/build/CMakeFiles/CMakeTmp

Run Build Command(s):/usr/bin/gmake -f Makefile cmTC_24fb3/fast && /usr/bin/gmake  -f CMakeFiles/cmTC_24fb3.dir/build.make CMakeFiles/cmTC_24fb3.dir/build
gmake[1]: Entering directory '/home/lab/Documents/Toy-Obfuscator/build/CMakeFiles/CMakeTmp'
Building C object CMakeFiles/cmTC_24fb3.dir/src.c.o
/usr/bin/cc -DC_SUPPORTS_COVERED_SWITCH_DEFAULT_FLAG  -fPIC -Wall -W -Wno-unused-parameter -Wwrite-strings -Wno-missing-field-initializers -pedantic -Wno-long-long    -Werror -Wcovered-switch-default -o CMakeFiles/cmTC_24fb3.dir/src.c.o -c /home/lab/Documents/Toy-Obfuscator/build/CMakeFiles/CMakeTmp/src.c
cc: error: unrecognized command-line option '-Wcovered-switch-default'; did you mean '-Wno-switch-default'?
gmake[1]: *** [CMakeFiles/cmTC_24fb3.dir/build.make:78: CMakeFiles/cmTC_24fb3.dir/src.c.o] Error 1
gmake[1]: Leaving directory '/home/lab/Documents/Toy-Obfuscator/build/CMakeFiles/CMakeTmp'
gmake: *** [Makefile:127: cmTC_24fb3/fast] Error 2


Source file was:
int main(void) { return 0; }
Performing C++ SOURCE FILE Test CXX_SUPPORTS_COVERED_SWITCH_DEFAULT_FLAG failed with the following output:
Change Dir: /home/lab/Documents/Toy-Obfuscator/build/CMakeFiles/CMakeTmp

Run Build Command(s):/usr/bin/gmake -f Makefile cmTC_9e2c1/fast && /usr/bin/gmake  -f CMakeFiles/cmTC_9e2c1.dir/build.make CMakeFiles/cmTC_9e2c1.dir/build
gmake[1]: Entering directory '/home/lab/Documents/Toy-Obfuscator/build/CMakeFiles/CMakeTmp'
Building CXX object CMakeFiles/cmTC_9e2c1.dir/src.cxx.o
/usr/bin/c++ -DCXX_SUPPORTS_COVERED_SWITCH_DEFAULT_FLAG  -fPIC -fvisibility-inlines-hidden -Wall -W -Wno-unused-parameter -Wwrite-strings -Wcast-qual -Wno-missing-field-initializers -pedantic -Wno-long-long    -Werror -Wcovered-switch-default -o CMakeFiles/cmTC_9e2c1.dir/src.cxx.o -c /home/lab/Documents/Toy-Obfuscator/build/CMakeFiles/CMakeTmp/src.cxx
c++: error: unrecognized command-line option '-Wcovered-switch-default'; did you mean '-Wno-switch-default'?
gmake[1]: *** [CMakeFiles/cmTC_9e2c1.dir/build.make:78: CMakeFiles/cmTC_9e2c1.dir/src.cxx.o] Error 1
gmake[1]: Leaving directory '/home/lab/Documents/Toy-Obfuscator/build/CMakeFiles/CMakeTmp'
gmake: *** [Makefile:127: cmTC_9e2c1/fast] Error 2


Source file was:
int main() { return 0; }
Performing C SOURCE FILE Test C_SUPPORTS_DELETE_NON_VIRTUAL_DTOR_FLAG failed with the following output:
Change Dir: /home/lab/Documents/Toy-Obfuscator/build/CMakeFiles/CMakeTmp

Run Build Command(s):/usr/bin/gmake -f Makefile cmTC_19b13/fast && /usr/bin/gmake  -f CMakeFiles/cmTC_19b13.dir/build.make CMakeFiles/cmTC_19b13.dir/build
gmake[1]: Entering directory '/home/lab/Documents/Toy-Obfuscator/build/CMakeFiles/CMakeTmp'
Building C object CMakeFiles/cmTC_19b13.dir/src.c.o
/usr/bin/cc -DC_SUPPORTS_DELETE_NON_VIRTUAL_DTOR_FLAG  -fPIC -Wall -W -Wno-unused-parameter -Wwrite-strings -Wno-missing-field-initializers -pedantic -Wno-long-long    -Werror -Wdelete-non-virtual-dtor -o CMakeFiles/cmTC_19b13.dir/src.c.o -c /home/lab/Documents/Toy-Obfuscator/build/CMakeFiles/CMakeTmp/src.c
cc1: error: command-line option '-Wdelete-non-virtual-dtor' is valid for C++/ObjC++ but not for C [-Werror]
cc1: all warnings being treated as errors
gmake[1]: *** [CMakeFiles/cmTC_19b13.dir/build.make:78: CMakeFiles/cmTC_19b13.dir/src.c.o] Error 1
gmake[1]: Leaving directory '/home/lab/Documents/Toy-Obfuscator/build/CMakeFiles/CMakeTmp'
gmake: *** [Makefile:127: cmTC_19b13/fast] Error 2


Source file was:
int main(void) { return 0; }
Performing C SOURCE FILE Test C_WCOMMENT_ALLOWS_LINE_WRAP failed with the following output:
Change Dir: /home/lab/Documents/Toy-Obfuscator/build/CMakeFiles/CMakeTmp

Run Build Command(s):/usr/bin/gmake -f Makefile cmTC_b403a/fast && /usr/bin/gmake  -f CMakeFiles/cmTC_b403a.dir/build.make CMakeFiles/cmTC_b403a.dir/build
gmake[1]: Entering directory '/home/lab/Documents/Toy-Obfuscator/build/CMakeFiles/CMakeTmp'
Building C object CMakeFiles/cmTC_b403a.dir/src.c.o
/usr/bin/cc -DC_WCOMMENT_ALLOWS_LINE_WRAP  -fPIC -Wall -W -Wno-unused-parameter -Wwrite-strings -Wno-missing-field-initializers -pedantic -Wno-long-long  -Werror -Wcomment -o CMakeFiles/cmTC_b403a.dir/src.c.o -c /home/lab/Documents/Toy-Obfuscator/build/CMakeFiles/CMakeTmp/src.c
/home/lab/Documents/Toy-Obfuscator/build/CMakeFiles/CMakeTmp/src.c:1:1: error: multi-line comment [-Werror=comment]
    1 | // \
      | ^
cc1: all warnings being treated as errors
gmake[1]: *** [CMakeFiles/cmTC_b403a.dir/build.make:78: CMakeFiles/cmTC_b403a.dir/src.c.o] Error 1
gmake[1]: Leaving directory '/home/lab/Documents/Toy-Obfuscator/build/CMakeFiles/CMakeTmp'
gmake: *** [Makefile:127: cmTC_b403a/fast] Error 2


Source file was:
// \
//
int main() {return 0;}
Performing C SOURCE FILE Test C_SUPPORTS_STRING_CONVERSION_FLAG failed with the following output:
Change Dir: /home/lab/Documents/Toy-Obfuscator/build/CMakeFiles/CMakeTmp

Run Build Command(s):/usr/bin/gmake -f Makefile cmTC_f082f/fast && /usr/bin/gmake  -f CMakeFiles/cmTC_f082f.dir/build.make CMakeFiles/cmTC_f082f.dir/build
gmake[1]: Entering directory '/home/lab/Documents/Toy-Obfuscator/build/CMakeFiles/CMakeTmp'
Building C object CMakeFiles/cmTC_f082f.dir/src.c.o
/usr/bin/cc -DC_SUPPORTS_STRING_CONVERSION_FLAG  -fPIC -Wall -W -Wno-unused-parameter -Wwrite-strings -Wno-missing-field-initializers -pedantic -Wno-long-long -Wno-comment    -Werror -Wstring-conversion -o CMakeFiles/cmTC_f082f.dir/src.c.o -c /home/lab/Documents/Toy-Obfuscator/build/CMakeFiles/CMakeTmp/src.c
cc: error: unrecognized command-line option '-Wstring-conversion'; did you mean '-Wsign-conversion'?
gmake[1]: *** [CMakeFiles/cmTC_f082f.dir/build.make:78: CMakeFiles/cmTC_f082f.dir/src.c.o] Error 1
gmake[1]: Leaving directory '/home/lab/Documents/Toy-Obfuscator/build/CMakeFiles/CMakeTmp'
gmake: *** [Makefile:127: cmTC_f082f/fast] Error 2


Source file was:
int main(void) { return 0; }
Performing C++ SOURCE FILE Test CXX_SUPPORTS_STRING_CONVERSION_FLAG failed with the following output:
Change Dir: /home/lab/Documents/Toy-Obfuscator/build/CMakeFiles/CMakeTmp

Run Build Command(s):/usr/bin/gmake -f Makefile cmTC_89a9a/fast && /usr/bin/gmake  -f CMakeFiles/cmTC_89a9a.dir/build.make CMakeFiles/cmTC_89a9a.dir/build
gmake[1]: Entering directory '/home/lab/Documents/Toy-Obfuscator/build/CMakeFiles/CMakeTmp'
Building CXX object CMakeFiles/cmTC_89a9a.dir/src.cxx.o
/usr/bin/c++ -DCXX_SUPPORTS_STRING_CONVERSION_FLAG  -fPIC -fvisibility-inlines-hidden -Wall -W -Wno-unused-parameter -Wwrite-strings -Wcast-qual -Wno-missing-field-initializers -pedantic -Wno-long-long -Wno-maybe-uninitialized -Wdelete-non-virtual-dtor -Wno-comment    -Werror -Wstring-conversion -o CMakeFiles/cmTC_89a9a.dir/src.cxx.o -c /home/lab/Documents/Toy-Obfuscator/build/CMakeFiles/CMakeTmp/src.cxx
c++: error: unrecognized command-line option '-Wstring-conversion'; did you mean '-Wsign-conversion'?
gmake[1]: *** [CMakeFiles/cmTC_89a9a.dir/build.make:78: CMakeFiles/cmTC_89a9a.dir/src.cxx.o] Error 1
gmake[1]: Leaving directory '/home/lab/Documents/Toy-Obfuscator/build/CMakeFiles/CMakeTmp'
gmake: *** [Makefile:127: cmTC_89a9a/fast] Error 2


Source file was:
int main() { return 0; }
Performing C++ SOURCE FILE Test CXX_SUPPORTS_NO_NESTED_ANON_TYPES_FLAG failed with the following output:
Change Dir: /home/lab/Documents/Toy-Obfuscator/build/CMakeFiles/CMakeTmp

Run Build Command(s):/usr/bin/gmake -f Makefile cmTC_a9dd9/fast && /usr/bin/gmake  -f CMakeFiles/cmTC_a9dd9.dir/build.make CMakeFiles/cmTC_a9dd9.dir/build
gmake[1]: Entering directory '/home/lab/Documents/Toy-Obfuscator/build/CMakeFiles/CMakeTmp'
Building CXX object CMakeFiles/cmTC_a9dd9.dir/src.cxx.o
/usr/bin/c++ -DCXX_SUPPORTS_NO_NESTED_ANON_TYPES_FLAG  -fPIC -fvisibility-inlines-hidden -Wall -W -Wno-unused-parameter -Wwrite-strings -Wcast-qual -Wno-missing-field-initializers -pedantic -Wno-long-long -Wno-maybe-uninitialized -Wdelete-non-virtual-dtor -Wno-comment -Werror=date-time -std=c++11 -ffunction-sections -fdata-sections -fno-common -Woverloaded-virtual -fno-strict-aliasing    -Werror -Wnested-anon-types -o CMakeFiles/cmTC_a9dd9.dir/src.cxx.o -c /home/lab/Documents/Toy-Obfuscator/build/CMakeFiles/CMakeTmp/src.cxx
c++: error: unrecognized command-line option '-Wnested-anon-types'
gmake[1]: *** [CMakeFiles/cmTC_a9dd9.dir/build.make:78: CMakeFiles/cmTC_a9dd9.dir/src.cxx.o] Error 1
gmake[1]: Leaving directory '/home/lab/Documents/Toy-Obfuscator/build/CMakeFiles/CMakeTmp'
gmake: *** [Makefile:127: cmTC_a9dd9/fast] Error 2


Source file was:
int main() { return 0; }
